<?xml version="1.0" encoding="UTF-8"?>
<!-- Generated by org.testng.reporters.JUnitReportReporter -->
<testsuite skipped="0" hostname="DESKTOP-NFGNPNE" name="com.testng.ParameterDemo" tests="4" failures="0" timestamp="24 Apr 2022 10:19:30 GMT" time="0.031" errors="0">
  <testcase name="tc03" time="0.000" classname="com.testng.ParameterDemo"/>
  <testcase name="tc05" time="0.016" classname="com.testng.ParameterDemo"/>
  <testcase name="tc02" time="0.015" classname="com.testng.ParameterDemo"/>
  <testcase name="tc06" time="0.000" classname="com.testng.ParameterDemo"/>
</testsuite> <!-- com.testng.ParameterDemo -->
