<?xml version="1.0" encoding="UTF-8"?>
<!-- Generated by org.testng.reporters.JUnitReportReporter -->
<testsuite skipped="1" hostname="DESKTOP-NFGNPNE" name="com.testng.TestngDemo" tests="9" failures="0" timestamp="22 Apr 2022 07:44:55 GMT" time="0.031" errors="0">
  <testcase name="tc03" time="0.016" classname="com.testng.TestngDemo"/>
  <testcase name="tc05" time="0.000" classname="com.testng.TestngDemo"/>
  <testcase name="tc04" time="0.000" classname="com.testng.TestngDemo"/>
  <testcase name="tc01" time="0.015" classname="com.testng.TestngDemo"/>
  <testcase name="tc01" time="0.000" classname="com.testng.TestngDemo"/>
  <testcase name="tc01" time="0.000" classname="com.testng.TestngDemo"/>
  <testcase name="tc01" time="0.000" classname="com.testng.TestngDemo"/>
  <testcase name="tc01" time="0.000" classname="com.testng.TestngDemo"/>
  <testcase name="tc02" classname="com.testng.TestngDemo">
    <skipped/>
  </testcase> <!-- tc02 -->
</testsuite> <!-- com.testng.TestngDemo -->
