<?xml version="1.0" encoding="UTF-8"?>
<!-- Generated by org.testng.reporters.JUnitReportReporter -->
<testsuite skipped="0" hostname="DESKTOP-NFGNPNE" name="com.annotaion.Annotaion" tests="4" failures="0" timestamp="21 Apr 2022 16:39:49 GMT" time="0.016" errors="0">
  <testcase name="tc3" time="0.000" classname="com.annotaion.Annotaion"/>
  <testcase name="tc2" time="0.000" classname="com.annotaion.Annotaion"/>
  <testcase name="tc4" time="0.000" classname="com.annotaion.Annotaion"/>
  <testcase name="tc1" time="0.016" classname="com.annotaion.Annotaion"/>
</testsuite> <!-- com.annotaion.Annotaion -->
