<?xml version="1.0" encoding="UTF-8"?>
<!-- Generated by org.testng.reporters.JUnitReportReporter -->
<testsuite skipped="0" hostname="DESKTOP-NFGNPNE" name="com.testng.TestngDemo3" tests="1" failures="0" timestamp="22 Apr 2022 08:08:46 GMT" time="0.000" errors="0">
  <testcase name="tc01" time="0.000" classname="com.testng.TestngDemo3"/>
</testsuite> <!-- com.testng.TestngDemo3 -->
